<?xml version="1.0" encoding="UTF-8"?>
<!-- Generated by org.testng.reporters.JUnitReportReporter -->
<testsuite hostname="IN-3LSM2J3" failures="0" tests="1" name="com.ExitTest.Tests.BecomeASellerTest" time="16.957" errors="0" timestamp="2022-07-14T23:10:50 IST" skipped="0">
  <testcase classname="com.ExitTest.Tests.BecomeASellerTest" name="BecomeASeller" time="16.957"/>
  <system-out/>
</testsuite> <!-- com.ExitTest.Tests.BecomeASellerTest -->
