<?xml version="1.0" encoding="UTF-8"?>
<!-- Generated by org.testng.reporters.JUnitReportReporter -->
<testsuite hostname="IN-3LSM2J3" failures="0" tests="1" name="com.ExitTest.Tests.TopOffersTest" time="11.700" errors="0" timestamp="2022-07-14T17:24:29 IST" skipped="0">
  <testcase classname="com.ExitTest.Tests.TopOffersTest" name="TopOffers" time="11.700"/>
  <system-out/>
</testsuite> <!-- com.ExitTest.Tests.TopOffersTest -->
