<?xml version="1.0" encoding="UTF-8"?>
<!-- Generated by org.testng.reporters.JUnitReportReporter -->
<testsuite hostname="IN-3LSM2J3" failures="0" tests="5" name="com.ExitTest.Tests.FlipKartFunctionButtonsTest" time="68.303" errors="0" timestamp="2022-07-14T23:10:50 IST" skipped="0">
  <testcase classname="com.ExitTest.Tests.FlipKartFunctionButtonsTest" name="AboutUs" time="14.331"/>
  <system-out/>
  <testcase classname="com.ExitTest.Tests.FlipKartFunctionButtonsTest" name="ContactUs" time="10.982"/>
  <system-out/>
  <testcase classname="com.ExitTest.Tests.FlipKartFunctionButtonsTest" name="CancellationAndRefund" time="18.454"/>
  <system-out/>
  <testcase classname="com.ExitTest.Tests.FlipKartFunctionButtonsTest" name="SocialMedia" time="13.762"/>
  <system-out/>
  <testcase classname="com.ExitTest.Tests.FlipKartFunctionButtonsTest" name="policy" time="10.774"/>
  <system-out/>
</testsuite> <!-- com.ExitTest.Tests.FlipKartFunctionButtonsTest -->
