<?xml version="1.0" encoding="UTF-8"?>
<!-- Generated by org.testng.reporters.JUnitReportReporter -->
<testsuite hostname="IN-3LSM2J3" failures="0" tests="2" name="com.ExitTest.Tests.SearchTest" time="22.080" errors="0" timestamp="2022-07-14T15:05:47 IST" skipped="0">
  <testcase classname="com.ExitTest.Tests.SearchTest" name="search" time="12.006"/>
  <system-out/>
  <testcase classname="com.ExitTest.Tests.SearchTest" name="invalidSearch" time="10.074"/>
  <system-out/>
</testsuite> <!-- com.ExitTest.Tests.SearchTest -->
