<?xml version="1.0" encoding="UTF-8"?>
<!-- Generated by org.testng.reporters.JUnitReportReporter -->
<testsuite hostname="IN-3LSM2J3" failures="0" tests="5" name="com.ExitTest.Tests.LoginTest" time="58.062" errors="0" timestamp="2022-07-14T20:53:57 IST" skipped="0">
  <testcase classname="com.ExitTest.Tests.LoginTest" name="validLogin" time="7.547"/>
  <system-out/>
  <testcase classname="com.ExitTest.Tests.LoginTest" name="invalidEmail" time="13.177"/>
  <system-out/>
  <testcase classname="com.ExitTest.Tests.LoginTest" name="invalidPassword" time="20.912"/>
  <system-out/>
  <testcase classname="com.ExitTest.Tests.LoginTest" name="blankEmail" time="5.082"/>
  <system-out/>
  <testcase classname="com.ExitTest.Tests.LoginTest" name="blankPassword" time="11.344"/>
  <system-out/>
</testsuite> <!-- com.ExitTest.Tests.LoginTest -->
