<?xml version="1.0" encoding="UTF-8"?>
<!-- Generated by org.testng.reporters.JUnitReportReporter -->
<testsuite hostname="IN-3LSM2J3" failures="0" tests="1" name="com.ExitTest.Tests.TopOffersTest" time="8.767" errors="0" timestamp="2022-07-14T20:53:57 IST" skipped="0">
  <testcase classname="com.ExitTest.Tests.TopOffersTest" name="TopOffers" time="8.767"/>
  <system-out/>
</testsuite> <!-- com.ExitTest.Tests.TopOffersTest -->
