<?xml version="1.0" encoding="UTF-8"?>
<!-- Generated by org.testng.reporters.JUnitReportReporter -->
<testsuite hostname="IN-3LSM2J3" failures="0" tests="2" name="com.ExitTest.Tests.SearchTest" time="16.686" errors="0" timestamp="2022-07-14T20:53:57 IST" skipped="0">
  <testcase classname="com.ExitTest.Tests.SearchTest" name="search" time="7.774"/>
  <system-out/>
  <testcase classname="com.ExitTest.Tests.SearchTest" name="invalidSearch" time="8.912"/>
  <system-out/>
</testsuite> <!-- com.ExitTest.Tests.SearchTest -->
