<?xml version="1.0" encoding="UTF-8"?>
<!-- Generated by org.testng.reporters.JUnitReportReporter -->
<testsuite hostname="IN-3LSM2J3" failures="0" tests="1" name="com.ExitTest.Tests.HomeFurnitureTest" time="8.231" errors="0" timestamp="2022-07-14T17:42:14 IST" skipped="0">
  <testcase classname="com.ExitTest.Tests.HomeFurnitureTest" name="HomeFurniture" time="8.231"/>
  <system-out/>
</testsuite> <!-- com.ExitTest.Tests.HomeFurnitureTest -->
