<?xml version="1.0" encoding="UTF-8"?>
<!-- Generated by org.testng.reporters.JUnitReportReporter -->
<testsuite hostname="IN-3LSM2J3" failures="0" tests="5" name="com.ExitTest.Tests.LoginTest" time="34.147" errors="0" timestamp="2022-07-14T23:10:50 IST" skipped="0">
  <testcase classname="com.ExitTest.Tests.LoginTest" name="validLogin" time="13.205"/>
  <system-out/>
  <testcase classname="com.ExitTest.Tests.LoginTest" name="invalidEmail" time="5.196"/>
  <system-out/>
  <testcase classname="com.ExitTest.Tests.LoginTest" name="invalidPassword" time="5.234"/>
  <system-out/>
  <testcase classname="com.ExitTest.Tests.LoginTest" name="blankEmail" time="5.123"/>
  <system-out/>
  <testcase classname="com.ExitTest.Tests.LoginTest" name="blankPassword" time="5.389"/>
  <system-out/>
</testsuite> <!-- com.ExitTest.Tests.LoginTest -->
