<?xml version="1.0" encoding="UTF-8"?>
<!-- Generated by org.testng.reporters.JUnitReportReporter -->
<testsuite hostname="IN-3LSM2J3" failures="0" tests="1" name="com.ExitTest.Tests.BeautyandToysTest" time="46.753" errors="0" timestamp="2022-07-14T15:05:47 IST" skipped="0">
  <testcase classname="com.ExitTest.Tests.BeautyandToysTest" name="BeautyandToys" time="46.753"/>
  <system-out/>
</testsuite> <!-- com.ExitTest.Tests.BeautyandToysTest -->
