<?xml version="1.0" encoding="UTF-8"?>
<!-- Generated by org.testng.reporters.JUnitReportReporter -->
<testsuite hostname="IN-3LSM2J3" failures="0" tests="5" name="com.ExitTest.Tests.LoginTest" time="50.240" errors="0" timestamp="2022-07-14T15:05:47 IST" skipped="0">
  <testcase classname="com.ExitTest.Tests.LoginTest" name="validLogin" time="9.487"/>
  <system-out/>
  <testcase classname="com.ExitTest.Tests.LoginTest" name="invalidEmail" time="8.891"/>
  <system-out/>
  <testcase classname="com.ExitTest.Tests.LoginTest" name="invalidPassword" time="9.336"/>
  <system-out/>
  <testcase classname="com.ExitTest.Tests.LoginTest" name="blankEmail" time="12.800"/>
  <system-out/>
  <testcase classname="com.ExitTest.Tests.LoginTest" name="blankPassword" time="9.726"/>
  <system-out/>
</testsuite> <!-- com.ExitTest.Tests.LoginTest -->
