<?xml version="1.0" encoding="UTF-8"?>
<!-- Generated by org.testng.reporters.JUnitReportReporter -->
<testsuite hostname="IN-3LSM2J3" failures="0" tests="1" name="com.ExitTest.Tests.ElectronicsItemTest" time="8.796" errors="0" timestamp="2022-07-14T17:59:43 IST" skipped="0">
  <testcase classname="com.ExitTest.Tests.ElectronicsItemTest" name="ElectronicsItem" time="8.796"/>
  <system-out/>
</testsuite> <!-- com.ExitTest.Tests.ElectronicsItemTest -->
